Atom number: 0 
number of functions: 89 
0 1.00655868 181929.69074 6278.23804263385
0 3.00057435 21782.506235 1277.8826611570507
0 11.36735796 7843.2391724 593.9934912759304
0 23.36812282 2608.0271777 260.102290579544
0 15.07887806 1564.9696465 177.33298771867248
0 21.40059067 920.5703545 119.11126334841073
0 18.49895669 552.396338 81.20788230898758
0 -5.78670959 191.1405907 36.63741172844501
0 10.41127619 108.0484426 23.884930161669196
0 19.05197956 64.8354183 16.28430882815514
0 22.04491605 38.1384803 10.937866794150892
0 -14.1986854 22.4343995 7.346761292772282
0 1.89020077 13.1967052 4.934682652339525
0 6.96547154 7.9187991 3.3643764630191777
0 9.76070985 4.658117 2.2597889815973984
0 0.49180464 2.6331523 1.473218203927517
0 0.90011309 0.557718 0.45996108335272134
0 0.22568899 0.3152683 0.29986123196455544
0 0.08530571 0.1854519 0.20141117245490048
1 -9.1030422e-14 8.4481854 20.53025686258464
1 -7.36317289e-14 8.4481854 20.53025686258464
1 1.77009567e-13 8.4481854 20.53025686258464
1 1.08755982e-13 3.0812881 5.819095320209549
1 7.14272356e-14 3.0812881 5.819095320209549
1 -2.83577626e-13 3.0812881 5.819095320209549
1 -1.35441719e-13 1.1536778 1.7042988755961872
1 -8.15154324e-14 1.1536778 1.7042988755961872
1 2.00982871e-13 1.1536778 1.7042988755961872
1 8.93451555e-14 0.4389478 0.5092794869325696
1 2.70800492e-14 0.4389478 0.5092794869325696
1 -1.18666509e-13 0.4389478 0.5092794869325696
1 -2.35367785e-14 0.1679158 0.153216148690576
1 2.74825187e-15 0.1679158 0.153216148690576
1 3.90842143e-14 0.1679158 0.153216148690576
2 -0.00977624 8.7933629 73.90617065887244
2 0.03573536 8.7933629 73.90617065887244
2 0.01654161 8.7933629 73.90617065887244
2 -0.0133537 8.7933629 73.90617065887244
2 -0.01573394 8.7933629 73.90617065887244
2 0.0094866 3.5598266 15.184829959214468
2 -0.03467661 3.5598266 15.184829959214468
2 -0.01605152 3.5598266 15.184829959214468
2 0.01295807 3.5598266 15.184829959214468
2 0.01526778 3.5598266 15.184829959214468
2 -0.00453974 1.4866514 3.294393394635218
2 0.01659422 1.4866514 3.294393394635218
2 0.00768133 1.4866514 3.294393394635218
2 -0.00620098 1.4866514 3.294393394635218
2 -0.00730628 1.4866514 3.294393394635218
2 -0.01390561 0.6328484 0.7390671640122426
2 0.05082954 0.6328484 0.7390671640122426
2 0.02352858 0.6328484 0.7390671640122426
2 -0.01899414 0.6328484 0.7390671640122426
2 -0.02237976 0.6328484 0.7390671640122426
2 -0.00326531 0.2711415 0.16768817810524358
2 0.01193579 0.2711415 0.16768817810524358
2 0.00552498 0.2711415 0.16768817810524358
2 -0.0044602 0.2711415 0.16768817810524358
2 -0.00525522 0.2711415 0.16768817810524358
3 2.29630494e-15 3.4681858 24.164885970091024
3 -3.3794684e-16 3.4681858 24.164885970091024
3 1.65079376e-16 3.4681858 24.164885970091024
3 -1.11771112e-16 3.4681858 24.164885970091024
3 2.02587857e-17 3.4681858 24.164885970091024
3 -4.10562023e-16 3.4681858 24.164885970091024
3 -3.66178963e-16 3.4681858 24.164885970091024
3 1.51510586e-15 0.8708007 1.0783796432544832
3 -6.8994031e-16 0.8708007 1.0783796432544832
3 -2.27739861e-17 0.8708007 1.0783796432544832
3 1.11055555e-16 0.8708007 1.0783796432544832
3 3.19511544e-17 0.8708007 1.0783796432544832
3 -1.93973781e-16 0.8708007 1.0783796432544832
3 -8.74525694e-16 0.8708007 1.0783796432544832
3 -4.83319765e-16 0.2186427 0.0481236055838748
3 -1.71314062e-16 0.2186427 0.0481236055838748
3 2.24140336e-18 0.2186427 0.0481236055838748
3 -2.38987302e-17 0.2186427 0.0481236055838748
3 -7.67323039e-18 0.2186427 0.0481236055838748
3 3.82468637e-16 0.2186427 0.0481236055838748
3 2.67820389e-16 0.2186427 0.0481236055838748
4 1.37355831e-06 1.1078575 1.4749121601014594
4 3.94640434e-07 1.1078575 1.4749121601014594
4 1.82675883e-07 1.1078575 1.4749121601014594
4 -1.45151061e-06 1.1078575 1.4749121601014594
4 -1.71023559e-06 1.1078575 1.4749121601014594
4 4.79128155e-07 1.1078575 1.4749121601014594
4 1.72968668e-06 1.1078575 1.4749121601014594
4 1.08127442e-07 1.1078575 1.4749121601014594
4 -6.56261331e-07 1.1078575 1.4749121601014594
